2020-10-29 12:06:08.563 INFO [main] [com.Log] [info] [com.Log.info(Log.java:23)] -  Before navigating to: https://web2.0calc.com/
2020-10-29 12:06:10.024 INFO [main] [com.Log] [info] [com.Log.info(Log.java:23)] -  Navigated to: https://web2.0calc.com/
2020-10-29 12:06:10.032 INFO [main] [com.Log] [info] [com.Log.info(Log.java:23)] -  Trying to find Element By : By.id: btns
2020-10-29 12:06:10.045 INFO [main] [com.Log] [info] [com.Log.info(Log.java:23)] -  Found Element By : By.id: btns
2020-10-29 12:06:10.076 INFO [main] [com.Log] [info] [com.Log.info(Log.java:23)] -  Trying to find Element By : By.id: input
2020-10-29 12:06:10.086 INFO [main] [com.Log] [info] [com.Log.info(Log.java:23)] -  Found Element By : By.id: input
2020-10-29 12:06:10.087 INFO [main] [com.Log] [info] [com.Log.info(Log.java:23)] -  Trying to click on: [[ChromeDriver: chrome on MAC (c5c9321204b1a6e645cb2e8e81716718)] -> id: input]
2020-10-29 12:06:10.122 INFO [main] [com.Log] [info] [com.Log.info(Log.java:23)] -  Clicked on: [[ChromeDriver: chrome on MAC (c5c9321204b1a6e645cb2e8e81716718)] -> id: input]
2020-10-29 12:06:10.122 INFO [main] [com.Log] [info] [com.Log.info(Log.java:23)] -  Trying to find Element By : By.name: cookies
2020-10-29 12:06:10.131 INFO [main] [com.Log] [info] [com.Log.info(Log.java:23)] -  Found Element By : By.name: cookies
2020-10-29 12:06:10.132 INFO [main] [com.Log] [info] [com.Log.info(Log.java:23)] -  Trying to click on: [[ChromeDriver: chrome on MAC (c5c9321204b1a6e645cb2e8e81716718)] -> name: cookies]
2020-10-29 12:06:11.631 INFO [main] [com.Log] [info] [com.Log.info(Log.java:23)] -  Clicked on: [[ChromeDriver: chrome on MAC (c5c9321204b1a6e645cb2e8e81716718)] -> name: cookies]
2020-10-29 12:06:11.644 INFO [main] [com.Log] [info] [com.Log.info(Log.java:23)] -  Trying to find Element By : By.id: input
2020-10-29 12:06:11.650 INFO [main] [com.Log] [info] [com.Log.info(Log.java:23)] -  Found Element By : By.id: input
2020-10-29 12:06:11.656 INFO [main] [com.Log] [info] [com.Log.info(Log.java:23)] -  Value of the element:[[ChromeDriver: chrome on MAC (c5c9321204b1a6e645cb2e8e81716718)] -> id: input] need to change to 2+3
2020-10-29 12:06:11.747 INFO [main] [com.Log] [info] [com.Log.info(Log.java:23)] -  Element [[ChromeDriver: chrome on MAC (c5c9321204b1a6e645cb2e8e81716718)] -> id: input] value changed to: 2+3
2020-10-29 12:06:11.749 INFO [main] [com.Log] [info] [com.Log.info(Log.java:23)] -  Trying to find Element By : By.id: BtnCalc
2020-10-29 12:06:11.800 INFO [main] [com.Log] [info] [com.Log.info(Log.java:23)] -  Found Element By : By.id: BtnCalc
2020-10-29 12:06:11.800 INFO [main] [com.Log] [info] [com.Log.info(Log.java:23)] -  Trying to click on: [[ChromeDriver: chrome on MAC (c5c9321204b1a6e645cb2e8e81716718)] -> id: BtnCalc]
2020-10-29 12:06:11.825 INFO [main] [com.Log] [info] [com.Log.info(Log.java:23)] -  Clicked on: [[ChromeDriver: chrome on MAC (c5c9321204b1a6e645cb2e8e81716718)] -> id: BtnCalc]
2020-10-29 12:06:11.826 INFO [main] [com.Log] [info] [com.Log.info(Log.java:23)] -  Trying to find Element By : By.className: loading
2020-10-29 12:06:11.836 INFO [main] [com.Log] [info] [com.Log.info(Log.java:23)] -  Found Element By : By.className: loading
2020-10-29 12:06:12.356 INFO [main] [com.Log] [info] [com.Log.info(Log.java:23)] -  Trying to find Element By : By.className: loading
2020-10-29 12:06:24.188 INFO [main] [com.Log] [info] [com.Log.info(Log.java:23)] - Exception occured: org.openqa.selenium.NoSuchElementException: no such element: Unable to locate element: {"method":"css selector","selector":".loading"}
  (Session info: chrome=86.0.4240.111)
For documentation on this error, please visit: https://www.seleniumhq.org/exceptions/no_such_element.html
Build info: version: '3.141.59', revision: 'e82be7d358', time: '2018-11-14T08:17:03'
System info: host: 'Naels-MacBook-Pro.local', ip: '2a02:ed0:535a:e000:d483:1f22:aa80:54b7%en0', os.name: 'Mac OS X', os.arch: 'x86_64', os.version: '10.15.7', java.version: '11.0.7'
Driver info: org.openqa.selenium.chrome.ChromeDriver
Capabilities {acceptInsecureCerts: false, browserName: chrome, browserVersion: 86.0.4240.111, chrome: {chromedriverVersion: 86.0.4240.22 (398b0743353ff..., userDataDir: /var/folders/1x/8mjybvrd4nx...}, goog:chromeOptions: {debuggerAddress: localhost:63621}, javascriptEnabled: true, networkConnectionEnabled: false, pageLoadStrategy: normal, platform: MAC, platformName: MAC, proxy: Proxy(), setWindowRect: true, strictFileInteractability: false, timeouts: {implicit: 0, pageLoad: 300000, script: 30000}, unhandledPromptBehavior: dismiss and notify, webauthn:virtualAuthenticators: true}
Session ID: c5c9321204b1a6e645cb2e8e81716718
*** Element info: {Using=class name, value=loading}
2020-10-29 12:06:24.191 INFO [main] [com.Log] [info] [com.Log.info(Log.java:23)] -  Trying to find Element By : By.cssSelector: #histframe p.r
2020-10-29 12:06:24.205 INFO [main] [com.Log] [info] [com.Log.info(Log.java:23)] -  Found Element By : By.cssSelector: #histframe p.r
2020-10-29 12:06:24.213 INFO [main] [com.Log] [info] [com.Log.info(Log.java:23)] -  Trying to find Element By : By.id: BtnClear
2020-10-29 12:06:24.223 INFO [main] [com.Log] [info] [com.Log.info(Log.java:23)] -  Found Element By : By.id: BtnClear
2020-10-29 12:06:24.223 INFO [main] [com.Log] [info] [com.Log.info(Log.java:23)] -  Trying to click on: [[ChromeDriver: chrome on MAC (c5c9321204b1a6e645cb2e8e81716718)] -> id: BtnClear]
2020-10-29 12:06:24.247 INFO [main] [com.Log] [info] [com.Log.info(Log.java:23)] -  Clicked on: [[ChromeDriver: chrome on MAC (c5c9321204b1a6e645cb2e8e81716718)] -> id: BtnClear]
2020-10-29 12:06:24.248 INFO [main] [com.Log] [info] [com.Log.info(Log.java:23)] -  Value of the element:[[ChromeDriver: chrome on MAC (c5c9321204b1a6e645cb2e8e81716718)] -> id: input] need to change to 10-2
2020-10-29 12:06:24.270 INFO [main] [com.Log] [info] [com.Log.info(Log.java:23)] -  Element [[ChromeDriver: chrome on MAC (c5c9321204b1a6e645cb2e8e81716718)] -> id: input] value changed to: 10-2
2020-10-29 12:06:24.272 INFO [main] [com.Log] [info] [com.Log.info(Log.java:23)] -  Trying to click on: [[ChromeDriver: chrome on MAC (c5c9321204b1a6e645cb2e8e81716718)] -> id: BtnCalc]
2020-10-29 12:06:24.296 INFO [main] [com.Log] [info] [com.Log.info(Log.java:23)] -  Clicked on: [[ChromeDriver: chrome on MAC (c5c9321204b1a6e645cb2e8e81716718)] -> id: BtnCalc]
2020-10-29 12:06:24.296 INFO [main] [com.Log] [info] [com.Log.info(Log.java:23)] -  Trying to find Element By : By.className: loading
2020-10-29 12:06:24.303 INFO [main] [com.Log] [info] [com.Log.info(Log.java:23)] -  Found Element By : By.className: loading
2020-10-29 12:06:24.822 INFO [main] [com.Log] [info] [com.Log.info(Log.java:23)] -  Trying to find Element By : By.className: loading
2020-10-29 12:06:34.833 INFO [main] [com.Log] [info] [com.Log.info(Log.java:23)] - Exception occured: org.openqa.selenium.NoSuchElementException: no such element: Unable to locate element: {"method":"css selector","selector":".loading"}
  (Session info: chrome=86.0.4240.111)
For documentation on this error, please visit: https://www.seleniumhq.org/exceptions/no_such_element.html
Build info: version: '3.141.59', revision: 'e82be7d358', time: '2018-11-14T08:17:03'
System info: host: 'Naels-MacBook-Pro.local', ip: '2a02:ed0:535a:e000:d483:1f22:aa80:54b7%en0', os.name: 'Mac OS X', os.arch: 'x86_64', os.version: '10.15.7', java.version: '11.0.7'
Driver info: org.openqa.selenium.chrome.ChromeDriver
Capabilities {acceptInsecureCerts: false, browserName: chrome, browserVersion: 86.0.4240.111, chrome: {chromedriverVersion: 86.0.4240.22 (398b0743353ff..., userDataDir: /var/folders/1x/8mjybvrd4nx...}, goog:chromeOptions: {debuggerAddress: localhost:63621}, javascriptEnabled: true, networkConnectionEnabled: false, pageLoadStrategy: normal, platform: MAC, platformName: MAC, proxy: Proxy(), setWindowRect: true, strictFileInteractability: false, timeouts: {implicit: 0, pageLoad: 300000, script: 30000}, unhandledPromptBehavior: dismiss and notify, webauthn:virtualAuthenticators: true}
Session ID: c5c9321204b1a6e645cb2e8e81716718
*** Element info: {Using=class name, value=loading}
2020-10-29 12:06:34.834 INFO [main] [com.Log] [info] [com.Log.info(Log.java:23)] -  Trying to find Element By : By.cssSelector: #histframe p.r
2020-10-29 12:06:34.842 INFO [main] [com.Log] [info] [com.Log.info(Log.java:23)] -  Found Element By : By.cssSelector: #histframe p.r
2020-10-29 12:06:34.851 INFO [main] [com.Log] [info] [com.Log.info(Log.java:23)] -  Trying to click on: [[ChromeDriver: chrome on MAC (c5c9321204b1a6e645cb2e8e81716718)] -> id: BtnClear]
2020-10-29 12:06:34.869 INFO [main] [com.Log] [info] [com.Log.info(Log.java:23)] -  Clicked on: [[ChromeDriver: chrome on MAC (c5c9321204b1a6e645cb2e8e81716718)] -> id: BtnClear]
2020-10-29 12:06:34.870 INFO [main] [com.Log] [info] [com.Log.info(Log.java:23)] -  Value of the element:[[ChromeDriver: chrome on MAC (c5c9321204b1a6e645cb2e8e81716718)] -> id: input] need to change to (10-2)*2!
2020-10-29 12:06:34.913 INFO [main] [com.Log] [info] [com.Log.info(Log.java:23)] -  Element [[ChromeDriver: chrome on MAC (c5c9321204b1a6e645cb2e8e81716718)] -> id: input] value changed to: (10-2)*2!
2020-10-29 12:06:34.915 INFO [main] [com.Log] [info] [com.Log.info(Log.java:23)] -  Trying to click on: [[ChromeDriver: chrome on MAC (c5c9321204b1a6e645cb2e8e81716718)] -> id: BtnCalc]
2020-10-29 12:06:34.932 INFO [main] [com.Log] [info] [com.Log.info(Log.java:23)] -  Clicked on: [[ChromeDriver: chrome on MAC (c5c9321204b1a6e645cb2e8e81716718)] -> id: BtnCalc]
2020-10-29 12:06:34.932 INFO [main] [com.Log] [info] [com.Log.info(Log.java:23)] -  Trying to find Element By : By.className: loading
2020-10-29 12:06:34.941 INFO [main] [com.Log] [info] [com.Log.info(Log.java:23)] -  Found Element By : By.className: loading
2020-10-29 12:06:35.459 INFO [main] [com.Log] [info] [com.Log.info(Log.java:23)] -  Trying to find Element By : By.className: loading
2020-10-29 12:06:45.506 INFO [main] [com.Log] [info] [com.Log.info(Log.java:23)] - Exception occured: org.openqa.selenium.NoSuchElementException: no such element: Unable to locate element: {"method":"css selector","selector":".loading"}
  (Session info: chrome=86.0.4240.111)
For documentation on this error, please visit: https://www.seleniumhq.org/exceptions/no_such_element.html
Build info: version: '3.141.59', revision: 'e82be7d358', time: '2018-11-14T08:17:03'
System info: host: 'Naels-MacBook-Pro.local', ip: '2a02:ed0:535a:e000:d483:1f22:aa80:54b7%en0', os.name: 'Mac OS X', os.arch: 'x86_64', os.version: '10.15.7', java.version: '11.0.7'
Driver info: org.openqa.selenium.chrome.ChromeDriver
Capabilities {acceptInsecureCerts: false, browserName: chrome, browserVersion: 86.0.4240.111, chrome: {chromedriverVersion: 86.0.4240.22 (398b0743353ff..., userDataDir: /var/folders/1x/8mjybvrd4nx...}, goog:chromeOptions: {debuggerAddress: localhost:63621}, javascriptEnabled: true, networkConnectionEnabled: false, pageLoadStrategy: normal, platform: MAC, platformName: MAC, proxy: Proxy(), setWindowRect: true, strictFileInteractability: false, timeouts: {implicit: 0, pageLoad: 300000, script: 30000}, unhandledPromptBehavior: dismiss and notify, webauthn:virtualAuthenticators: true}
Session ID: c5c9321204b1a6e645cb2e8e81716718
*** Element info: {Using=class name, value=loading}
2020-10-29 12:06:45.507 INFO [main] [com.Log] [info] [com.Log.info(Log.java:23)] -  Trying to find Element By : By.cssSelector: #histframe p.r
2020-10-29 12:06:45.515 INFO [main] [com.Log] [info] [com.Log.info(Log.java:23)] -  Found Element By : By.cssSelector: #histframe p.r
2020-10-29 12:06:45.521 INFO [main] [com.Log] [info] [com.Log.info(Log.java:23)] -  Trying to click on: [[ChromeDriver: chrome on MAC (c5c9321204b1a6e645cb2e8e81716718)] -> id: BtnClear]
2020-10-29 12:06:45.536 INFO [main] [com.Log] [info] [com.Log.info(Log.java:23)] -  Clicked on: [[ChromeDriver: chrome on MAC (c5c9321204b1a6e645cb2e8e81716718)] -> id: BtnClear]
2020-10-29 12:06:45.537 INFO [main] [com.Log] [info] [com.Log.info(Log.java:23)] -  Value of the element:[[ChromeDriver: chrome on MAC (c5c9321204b1a6e645cb2e8e81716718)] -> id: input] need to change to sin(30)
2020-10-29 12:06:45.571 INFO [main] [com.Log] [info] [com.Log.info(Log.java:23)] -  Element [[ChromeDriver: chrome on MAC (c5c9321204b1a6e645cb2e8e81716718)] -> id: input] value changed to: sin(30)
2020-10-29 12:06:45.572 INFO [main] [com.Log] [info] [com.Log.info(Log.java:23)] -  Trying to click on: [[ChromeDriver: chrome on MAC (c5c9321204b1a6e645cb2e8e81716718)] -> id: BtnCalc]
2020-10-29 12:06:45.590 INFO [main] [com.Log] [info] [com.Log.info(Log.java:23)] -  Clicked on: [[ChromeDriver: chrome on MAC (c5c9321204b1a6e645cb2e8e81716718)] -> id: BtnCalc]
2020-10-29 12:06:45.591 INFO [main] [com.Log] [info] [com.Log.info(Log.java:23)] -  Trying to find Element By : By.className: loading
2020-10-29 12:06:45.596 INFO [main] [com.Log] [info] [com.Log.info(Log.java:23)] -  Found Element By : By.className: loading
2020-10-29 12:06:46.111 INFO [main] [com.Log] [info] [com.Log.info(Log.java:23)] -  Trying to find Element By : By.className: loading
2020-10-29 12:06:56.135 INFO [main] [com.Log] [info] [com.Log.info(Log.java:23)] - Exception occured: org.openqa.selenium.NoSuchElementException: no such element: Unable to locate element: {"method":"css selector","selector":".loading"}
  (Session info: chrome=86.0.4240.111)
For documentation on this error, please visit: https://www.seleniumhq.org/exceptions/no_such_element.html
Build info: version: '3.141.59', revision: 'e82be7d358', time: '2018-11-14T08:17:03'
System info: host: 'Naels-MacBook-Pro.local', ip: '2a02:ed0:535a:e000:d483:1f22:aa80:54b7%en0', os.name: 'Mac OS X', os.arch: 'x86_64', os.version: '10.15.7', java.version: '11.0.7'
Driver info: org.openqa.selenium.chrome.ChromeDriver
Capabilities {acceptInsecureCerts: false, browserName: chrome, browserVersion: 86.0.4240.111, chrome: {chromedriverVersion: 86.0.4240.22 (398b0743353ff..., userDataDir: /var/folders/1x/8mjybvrd4nx...}, goog:chromeOptions: {debuggerAddress: localhost:63621}, javascriptEnabled: true, networkConnectionEnabled: false, pageLoadStrategy: normal, platform: MAC, platformName: MAC, proxy: Proxy(), setWindowRect: true, strictFileInteractability: false, timeouts: {implicit: 0, pageLoad: 300000, script: 30000}, unhandledPromptBehavior: dismiss and notify, webauthn:virtualAuthenticators: true}
Session ID: c5c9321204b1a6e645cb2e8e81716718
*** Element info: {Using=class name, value=loading}
2020-10-29 12:06:56.136 INFO [main] [com.Log] [info] [com.Log.info(Log.java:23)] -  Trying to find Element By : By.cssSelector: #histframe p.r
2020-10-29 12:06:56.144 INFO [main] [com.Log] [info] [com.Log.info(Log.java:23)] -  Found Element By : By.cssSelector: #histframe p.r
2020-10-29 12:06:56.152 INFO [main] [com.Log] [info] [com.Log.info(Log.java:23)] -  Trying to click on: [[ChromeDriver: chrome on MAC (c5c9321204b1a6e645cb2e8e81716718)] -> id: BtnClear]
2020-10-29 12:06:56.172 INFO [main] [com.Log] [info] [com.Log.info(Log.java:23)] -  Clicked on: [[ChromeDriver: chrome on MAC (c5c9321204b1a6e645cb2e8e81716718)] -> id: BtnClear]
2020-10-29 12:06:56.173 INFO [main] [com.Log] [info] [com.Log.info(Log.java:23)] -  Trying to find Element By : By.cssSelector: #histframe li
2020-10-29 12:06:56.182 INFO [main] [com.Log] [info] [com.Log.info(Log.java:23)] -  Found Element By : By.cssSelector: #histframe li
2020-10-29 13:45:49.041 INFO [TestNG-test=Test-1] [com.Log] [info] [com.Log.info(Log.java:23)] -  Before navigating to: https://web2.0calc.com/
2020-10-29 13:45:50.567 INFO [TestNG-test=Test-1] [com.Log] [info] [com.Log.info(Log.java:23)] -  Navigated to: https://web2.0calc.com/
2020-10-29 13:45:50.574 INFO [TestNG-test=Test-1] [com.Log] [info] [com.Log.info(Log.java:23)] -  Trying to find Element By : By.id: btns
2020-10-29 13:45:50.586 INFO [TestNG-test=Test-1] [com.Log] [info] [com.Log.info(Log.java:23)] -  Found Element By : By.id: btns
2020-10-29 13:45:50.616 INFO [TestNG-test=Test-1] [com.Log] [info] [com.Log.info(Log.java:23)] -  Trying to find Element By : By.id: input
2020-10-29 13:45:50.626 INFO [TestNG-test=Test-1] [com.Log] [info] [com.Log.info(Log.java:23)] -  Found Element By : By.id: input
2020-10-29 13:45:50.627 INFO [TestNG-test=Test-1] [com.Log] [info] [com.Log.info(Log.java:23)] -  Trying to click on: [[ChromeDriver: chrome on MAC (d993dcb21bdad106060280d19529f701)] -> id: input]
2020-10-29 13:45:50.661 INFO [TestNG-test=Test-1] [com.Log] [info] [com.Log.info(Log.java:23)] -  Clicked on: [[ChromeDriver: chrome on MAC (d993dcb21bdad106060280d19529f701)] -> id: input]
2020-10-29 13:45:50.661 INFO [TestNG-test=Test-1] [com.Log] [info] [com.Log.info(Log.java:23)] -  Trying to find Element By : By.name: cookies
2020-10-29 13:45:50.673 INFO [TestNG-test=Test-1] [com.Log] [info] [com.Log.info(Log.java:23)] -  Found Element By : By.name: cookies
2020-10-29 13:45:50.674 INFO [TestNG-test=Test-1] [com.Log] [info] [com.Log.info(Log.java:23)] -  Trying to click on: [[ChromeDriver: chrome on MAC (d993dcb21bdad106060280d19529f701)] -> name: cookies]
2020-10-29 13:45:52.091 INFO [TestNG-test=Test-1] [com.Log] [info] [com.Log.info(Log.java:23)] -  Clicked on: [[ChromeDriver: chrome on MAC (d993dcb21bdad106060280d19529f701)] -> name: cookies]
2020-10-29 13:45:52.104 INFO [TestNG-test=Test-1] [com.Log] [info] [com.Log.info(Log.java:23)] -  Trying to find Element By : By.id: input
2020-10-29 13:45:52.111 INFO [TestNG-test=Test-1] [com.Log] [info] [com.Log.info(Log.java:23)] -  Found Element By : By.id: input
2020-10-29 13:45:52.119 INFO [TestNG-test=Test-1] [com.Log] [info] [com.Log.info(Log.java:23)] -  Value of the element:[[ChromeDriver: chrome on MAC (d993dcb21bdad106060280d19529f701)] -> id: input] need to change to 2+3
2020-10-29 13:45:52.231 INFO [TestNG-test=Test-1] [com.Log] [info] [com.Log.info(Log.java:23)] -  Element [[ChromeDriver: chrome on MAC (d993dcb21bdad106060280d19529f701)] -> id: input] value changed to: 2+3
2020-10-29 13:45:52.233 INFO [TestNG-test=Test-1] [com.Log] [info] [com.Log.info(Log.java:23)] -  Trying to find Element By : By.id: BtnCalc
2020-10-29 13:45:52.246 INFO [TestNG-test=Test-1] [com.Log] [info] [com.Log.info(Log.java:23)] -  Found Element By : By.id: BtnCalc
2020-10-29 13:45:52.246 INFO [TestNG-test=Test-1] [com.Log] [info] [com.Log.info(Log.java:23)] -  Trying to click on: [[ChromeDriver: chrome on MAC (d993dcb21bdad106060280d19529f701)] -> id: BtnCalc]
2020-10-29 13:45:52.272 INFO [TestNG-test=Test-1] [com.Log] [info] [com.Log.info(Log.java:23)] -  Clicked on: [[ChromeDriver: chrome on MAC (d993dcb21bdad106060280d19529f701)] -> id: BtnCalc]
2020-10-29 13:45:52.274 INFO [TestNG-test=Test-1] [com.Log] [info] [com.Log.info(Log.java:23)] -  Trying to find Element By : By.className: loading
2020-10-29 13:45:52.289 INFO [TestNG-test=Test-1] [com.Log] [info] [com.Log.info(Log.java:23)] -  Found Element By : By.className: loading
2020-10-29 13:45:54.309 INFO [TestNG-test=Test-1] [com.Log] [info] [com.Log.info(Log.java:23)] -  Trying to find Element By : By.className: loading
2020-10-29 13:46:04.393 INFO [TestNG-test=Test-1] [com.Log] [info] [com.Log.info(Log.java:23)] - Exception occured: org.openqa.selenium.NoSuchElementException: no such element: Unable to locate element: {"method":"css selector","selector":".loading"}
  (Session info: chrome=86.0.4240.111)
For documentation on this error, please visit: https://www.seleniumhq.org/exceptions/no_such_element.html
Build info: version: '3.141.59', revision: 'e82be7d358', time: '2018-11-14T08:17:03'
System info: host: 'Naels-MacBook-Pro.local', ip: '2a02:ed0:535a:e000:d483:1f22:aa80:54b7%en0', os.name: 'Mac OS X', os.arch: 'x86_64', os.version: '10.15.7', java.version: '11.0.7'
Driver info: org.openqa.selenium.chrome.ChromeDriver
Capabilities {acceptInsecureCerts: false, browserName: chrome, browserVersion: 86.0.4240.111, chrome: {chromedriverVersion: 86.0.4240.22 (398b0743353ff..., userDataDir: /var/folders/1x/8mjybvrd4nx...}, goog:chromeOptions: {debuggerAddress: localhost:55882}, javascriptEnabled: true, networkConnectionEnabled: false, pageLoadStrategy: normal, platform: MAC, platformName: MAC, proxy: Proxy(), setWindowRect: true, strictFileInteractability: false, timeouts: {implicit: 0, pageLoad: 300000, script: 30000}, unhandledPromptBehavior: dismiss and notify, webauthn:virtualAuthenticators: true}
Session ID: d993dcb21bdad106060280d19529f701
*** Element info: {Using=class name, value=loading}
2020-10-29 13:46:04.396 INFO [TestNG-test=Test-1] [com.Log] [info] [com.Log.info(Log.java:23)] -  Trying to find Element By : By.cssSelector: #histframe p.r
2020-10-29 13:46:04.409 INFO [TestNG-test=Test-1] [com.Log] [info] [com.Log.info(Log.java:23)] -  Found Element By : By.cssSelector: #histframe p.r
2020-10-29 13:46:04.417 INFO [TestNG-test=Test-1] [com.Log] [info] [com.Log.info(Log.java:23)] -  Trying to find Element By : By.id: BtnClear
2020-10-29 13:46:04.425 INFO [TestNG-test=Test-1] [com.Log] [info] [com.Log.info(Log.java:23)] -  Found Element By : By.id: BtnClear
2020-10-29 13:46:04.426 INFO [TestNG-test=Test-1] [com.Log] [info] [com.Log.info(Log.java:23)] -  Trying to click on: [[ChromeDriver: chrome on MAC (d993dcb21bdad106060280d19529f701)] -> id: BtnClear]
2020-10-29 13:46:04.451 INFO [TestNG-test=Test-1] [com.Log] [info] [com.Log.info(Log.java:23)] -  Clicked on: [[ChromeDriver: chrome on MAC (d993dcb21bdad106060280d19529f701)] -> id: BtnClear]
2020-10-29 13:46:04.452 INFO [TestNG-test=Test-1] [com.Log] [info] [com.Log.info(Log.java:23)] -  Value of the element:[[ChromeDriver: chrome on MAC (d993dcb21bdad106060280d19529f701)] -> id: input] need to change to 10-2
2020-10-29 13:46:04.476 INFO [TestNG-test=Test-1] [com.Log] [info] [com.Log.info(Log.java:23)] -  Element [[ChromeDriver: chrome on MAC (d993dcb21bdad106060280d19529f701)] -> id: input] value changed to: 10-2
2020-10-29 13:46:04.477 INFO [TestNG-test=Test-1] [com.Log] [info] [com.Log.info(Log.java:23)] -  Trying to click on: [[ChromeDriver: chrome on MAC (d993dcb21bdad106060280d19529f701)] -> id: BtnCalc]
2020-10-29 13:46:04.505 INFO [TestNG-test=Test-1] [com.Log] [info] [com.Log.info(Log.java:23)] -  Clicked on: [[ChromeDriver: chrome on MAC (d993dcb21bdad106060280d19529f701)] -> id: BtnCalc]
2020-10-29 13:46:04.506 INFO [TestNG-test=Test-1] [com.Log] [info] [com.Log.info(Log.java:23)] -  Trying to find Element By : By.className: loading
2020-10-29 13:46:04.512 INFO [TestNG-test=Test-1] [com.Log] [info] [com.Log.info(Log.java:23)] -  Found Element By : By.className: loading
2020-10-29 13:46:06.530 INFO [TestNG-test=Test-1] [com.Log] [info] [com.Log.info(Log.java:23)] -  Trying to find Element By : By.className: loading
2020-10-29 13:46:16.545 INFO [TestNG-test=Test-1] [com.Log] [info] [com.Log.info(Log.java:23)] - Exception occured: org.openqa.selenium.NoSuchElementException: no such element: Unable to locate element: {"method":"css selector","selector":".loading"}
  (Session info: chrome=86.0.4240.111)
For documentation on this error, please visit: https://www.seleniumhq.org/exceptions/no_such_element.html
Build info: version: '3.141.59', revision: 'e82be7d358', time: '2018-11-14T08:17:03'
System info: host: 'Naels-MacBook-Pro.local', ip: '2a02:ed0:535a:e000:d483:1f22:aa80:54b7%en0', os.name: 'Mac OS X', os.arch: 'x86_64', os.version: '10.15.7', java.version: '11.0.7'
Driver info: org.openqa.selenium.chrome.ChromeDriver
Capabilities {acceptInsecureCerts: false, browserName: chrome, browserVersion: 86.0.4240.111, chrome: {chromedriverVersion: 86.0.4240.22 (398b0743353ff..., userDataDir: /var/folders/1x/8mjybvrd4nx...}, goog:chromeOptions: {debuggerAddress: localhost:55882}, javascriptEnabled: true, networkConnectionEnabled: false, pageLoadStrategy: normal, platform: MAC, platformName: MAC, proxy: Proxy(), setWindowRect: true, strictFileInteractability: false, timeouts: {implicit: 0, pageLoad: 300000, script: 30000}, unhandledPromptBehavior: dismiss and notify, webauthn:virtualAuthenticators: true}
Session ID: d993dcb21bdad106060280d19529f701
*** Element info: {Using=class name, value=loading}
2020-10-29 13:46:16.546 INFO [TestNG-test=Test-1] [com.Log] [info] [com.Log.info(Log.java:23)] -  Trying to find Element By : By.cssSelector: #histframe p.r
2020-10-29 13:46:16.556 INFO [TestNG-test=Test-1] [com.Log] [info] [com.Log.info(Log.java:23)] -  Found Element By : By.cssSelector: #histframe p.r
2020-10-29 13:46:16.565 INFO [TestNG-test=Test-1] [com.Log] [info] [com.Log.info(Log.java:23)] -  Trying to click on: [[ChromeDriver: chrome on MAC (d993dcb21bdad106060280d19529f701)] -> id: BtnClear]
2020-10-29 13:46:16.583 INFO [TestNG-test=Test-1] [com.Log] [info] [com.Log.info(Log.java:23)] -  Clicked on: [[ChromeDriver: chrome on MAC (d993dcb21bdad106060280d19529f701)] -> id: BtnClear]
2020-10-29 13:46:16.585 INFO [TestNG-test=Test-1] [com.Log] [info] [com.Log.info(Log.java:23)] -  Value of the element:[[ChromeDriver: chrome on MAC (d993dcb21bdad106060280d19529f701)] -> id: input] need to change to (10-2)*2!
2020-10-29 13:46:16.627 INFO [TestNG-test=Test-1] [com.Log] [info] [com.Log.info(Log.java:23)] -  Element [[ChromeDriver: chrome on MAC (d993dcb21bdad106060280d19529f701)] -> id: input] value changed to: (10-2)*2!
2020-10-29 13:46:16.629 INFO [TestNG-test=Test-1] [com.Log] [info] [com.Log.info(Log.java:23)] -  Trying to click on: [[ChromeDriver: chrome on MAC (d993dcb21bdad106060280d19529f701)] -> id: BtnCalc]
2020-10-29 13:46:16.647 INFO [TestNG-test=Test-1] [com.Log] [info] [com.Log.info(Log.java:23)] -  Clicked on: [[ChromeDriver: chrome on MAC (d993dcb21bdad106060280d19529f701)] -> id: BtnCalc]
2020-10-29 13:46:16.647 INFO [TestNG-test=Test-1] [com.Log] [info] [com.Log.info(Log.java:23)] -  Trying to find Element By : By.className: loading
2020-10-29 13:46:16.653 INFO [TestNG-test=Test-1] [com.Log] [info] [com.Log.info(Log.java:23)] -  Found Element By : By.className: loading
2020-10-29 13:46:18.669 INFO [TestNG-test=Test-1] [com.Log] [info] [com.Log.info(Log.java:23)] -  Trying to find Element By : By.className: loading
2020-10-29 13:46:28.709 INFO [TestNG-test=Test-1] [com.Log] [info] [com.Log.info(Log.java:23)] - Exception occured: org.openqa.selenium.NoSuchElementException: no such element: Unable to locate element: {"method":"css selector","selector":".loading"}
  (Session info: chrome=86.0.4240.111)
For documentation on this error, please visit: https://www.seleniumhq.org/exceptions/no_such_element.html
Build info: version: '3.141.59', revision: 'e82be7d358', time: '2018-11-14T08:17:03'
System info: host: 'Naels-MacBook-Pro.local', ip: '2a02:ed0:535a:e000:d483:1f22:aa80:54b7%en0', os.name: 'Mac OS X', os.arch: 'x86_64', os.version: '10.15.7', java.version: '11.0.7'
Driver info: org.openqa.selenium.chrome.ChromeDriver
Capabilities {acceptInsecureCerts: false, browserName: chrome, browserVersion: 86.0.4240.111, chrome: {chromedriverVersion: 86.0.4240.22 (398b0743353ff..., userDataDir: /var/folders/1x/8mjybvrd4nx...}, goog:chromeOptions: {debuggerAddress: localhost:55882}, javascriptEnabled: true, networkConnectionEnabled: false, pageLoadStrategy: normal, platform: MAC, platformName: MAC, proxy: Proxy(), setWindowRect: true, strictFileInteractability: false, timeouts: {implicit: 0, pageLoad: 300000, script: 30000}, unhandledPromptBehavior: dismiss and notify, webauthn:virtualAuthenticators: true}
Session ID: d993dcb21bdad106060280d19529f701
*** Element info: {Using=class name, value=loading}
2020-10-29 13:46:28.710 INFO [TestNG-test=Test-1] [com.Log] [info] [com.Log.info(Log.java:23)] -  Trying to find Element By : By.cssSelector: #histframe p.r
2020-10-29 13:46:28.723 INFO [TestNG-test=Test-1] [com.Log] [info] [com.Log.info(Log.java:23)] -  Found Element By : By.cssSelector: #histframe p.r
2020-10-29 13:46:28.731 INFO [TestNG-test=Test-1] [com.Log] [info] [com.Log.info(Log.java:23)] -  Trying to click on: [[ChromeDriver: chrome on MAC (d993dcb21bdad106060280d19529f701)] -> id: BtnClear]
2020-10-29 13:46:28.750 INFO [TestNG-test=Test-1] [com.Log] [info] [com.Log.info(Log.java:23)] -  Clicked on: [[ChromeDriver: chrome on MAC (d993dcb21bdad106060280d19529f701)] -> id: BtnClear]
2020-10-29 13:46:28.751 INFO [TestNG-test=Test-1] [com.Log] [info] [com.Log.info(Log.java:23)] -  Value of the element:[[ChromeDriver: chrome on MAC (d993dcb21bdad106060280d19529f701)] -> id: input] need to change to sin(30)
2020-10-29 13:46:28.783 INFO [TestNG-test=Test-1] [com.Log] [info] [com.Log.info(Log.java:23)] -  Element [[ChromeDriver: chrome on MAC (d993dcb21bdad106060280d19529f701)] -> id: input] value changed to: sin(30)
2020-10-29 13:46:28.784 INFO [TestNG-test=Test-1] [com.Log] [info] [com.Log.info(Log.java:23)] -  Trying to click on: [[ChromeDriver: chrome on MAC (d993dcb21bdad106060280d19529f701)] -> id: BtnCalc]
2020-10-29 13:46:28.803 INFO [TestNG-test=Test-1] [com.Log] [info] [com.Log.info(Log.java:23)] -  Clicked on: [[ChromeDriver: chrome on MAC (d993dcb21bdad106060280d19529f701)] -> id: BtnCalc]
2020-10-29 13:46:28.804 INFO [TestNG-test=Test-1] [com.Log] [info] [com.Log.info(Log.java:23)] -  Trying to find Element By : By.className: loading
2020-10-29 13:46:28.811 INFO [TestNG-test=Test-1] [com.Log] [info] [com.Log.info(Log.java:23)] -  Found Element By : By.className: loading
2020-10-29 13:46:30.825 INFO [TestNG-test=Test-1] [com.Log] [info] [com.Log.info(Log.java:23)] -  Trying to find Element By : By.className: loading
2020-10-29 13:46:40.854 INFO [TestNG-test=Test-1] [com.Log] [info] [com.Log.info(Log.java:23)] - Exception occured: org.openqa.selenium.NoSuchElementException: no such element: Unable to locate element: {"method":"css selector","selector":".loading"}
  (Session info: chrome=86.0.4240.111)
For documentation on this error, please visit: https://www.seleniumhq.org/exceptions/no_such_element.html
Build info: version: '3.141.59', revision: 'e82be7d358', time: '2018-11-14T08:17:03'
System info: host: 'Naels-MacBook-Pro.local', ip: '2a02:ed0:535a:e000:d483:1f22:aa80:54b7%en0', os.name: 'Mac OS X', os.arch: 'x86_64', os.version: '10.15.7', java.version: '11.0.7'
Driver info: org.openqa.selenium.chrome.ChromeDriver
Capabilities {acceptInsecureCerts: false, browserName: chrome, browserVersion: 86.0.4240.111, chrome: {chromedriverVersion: 86.0.4240.22 (398b0743353ff..., userDataDir: /var/folders/1x/8mjybvrd4nx...}, goog:chromeOptions: {debuggerAddress: localhost:55882}, javascriptEnabled: true, networkConnectionEnabled: false, pageLoadStrategy: normal, platform: MAC, platformName: MAC, proxy: Proxy(), setWindowRect: true, strictFileInteractability: false, timeouts: {implicit: 0, pageLoad: 300000, script: 30000}, unhandledPromptBehavior: dismiss and notify, webauthn:virtualAuthenticators: true}
Session ID: d993dcb21bdad106060280d19529f701
*** Element info: {Using=class name, value=loading}
2020-10-29 13:46:40.855 INFO [TestNG-test=Test-1] [com.Log] [info] [com.Log.info(Log.java:23)] -  Trying to find Element By : By.cssSelector: #histframe p.r
2020-10-29 13:46:40.865 INFO [TestNG-test=Test-1] [com.Log] [info] [com.Log.info(Log.java:23)] -  Found Element By : By.cssSelector: #histframe p.r
2020-10-29 13:46:40.873 INFO [TestNG-test=Test-1] [com.Log] [info] [com.Log.info(Log.java:23)] -  Trying to click on: [[ChromeDriver: chrome on MAC (d993dcb21bdad106060280d19529f701)] -> id: BtnClear]
2020-10-29 13:46:40.892 INFO [TestNG-test=Test-1] [com.Log] [info] [com.Log.info(Log.java:23)] -  Clicked on: [[ChromeDriver: chrome on MAC (d993dcb21bdad106060280d19529f701)] -> id: BtnClear]
2020-10-29 13:46:40.893 INFO [TestNG-test=Test-1] [com.Log] [info] [com.Log.info(Log.java:23)] -  Trying to find Element By : By.cssSelector: #histframe li
2020-10-29 13:46:40.903 INFO [TestNG-test=Test-1] [com.Log] [info] [com.Log.info(Log.java:23)] -  Found Element By : By.cssSelector: #histframe li
